[23888:24660:0102/055159.138:INFO:components\enterprise\browser\controller\chrome_browser_cloud_management_controller.cc:206] No machine level policy manager exists.
[23888:24660:0102/055200.644:INFO:CONSOLE:1] "Data module segmenttop does not exist!!", source: https://1.elecsnet.ru/NotebookFront/dist/js/app/main.js?v=45 (1)
[23888:24660:0102/055200.644:INFO:CONSOLE:1] "Data module segmenttop does not exist!!", source: https://1.elecsnet.ru/NotebookFront/dist/js/app/main.js?v=45 (1)
[23888:24660:0102/055200.644:INFO:CONSOLE:1] "Data module segmenttop does not exist!!", source: https://1.elecsnet.ru/NotebookFront/dist/js/app/main.js?v=45 (1)
[23888:24660:0102/055200.644:INFO:CONSOLE:1] "Data module segmenttop does not exist!!", source: https://1.elecsnet.ru/NotebookFront/dist/js/app/main.js?v=45 (1)
[23888:24660:0102/055200.644:INFO:CONSOLE:1] "Data module segmenttop does not exist!!", source: https://1.elecsnet.ru/NotebookFront/dist/js/app/main.js?v=45 (1)
[23888:24660:0102/055200.644:INFO:CONSOLE:1] "Data module segmenttop does not exist!!", source: https://1.elecsnet.ru/NotebookFront/dist/js/app/main.js?v=45 (1)
[23888:24660:0102/055200.644:INFO:CONSOLE:1] "Data module segmenttop does not exist!!", source: https://1.elecsnet.ru/NotebookFront/dist/js/app/main.js?v=45 (1)
[23888:24660:0102/055200.644:INFO:CONSOLE:1] "Data module segmenttop does not exist!!", source: https://1.elecsnet.ru/NotebookFront/dist/js/app/main.js?v=45 (1)
[636:25012:0102/055201.265:INFO:third_party\blink\renderer\modules\peerconnection\peer_connection_dependency_factory.cc:923] Running WebRTC with a combined Network and Worker thread.
[23888:24660:0102/055203.153:INFO:CONSOLE:1] "loginPopup", source: https://1.elecsnet.ru/NotebookFront/dist/js/app/main.js?v=45 (1)
[23888:20008:0102/055203.531:ERROR:google_apis\gcm\engine\registration_request.cc:292] Registration response error message: DEPRECATED_ENDPOINT
[636:25012:0102/055204.928:INFO:third_party\blink\renderer\modules\peerconnection\peer_connection_dependency_factory.cc:923] Running WebRTC with a combined Network and Worker thread.
[636:1480:0102/055205.227:WARNING:third_party\webrtc\media\engine\webrtc_voice_engine.cc:808] Attempting to stop aecdump when no audio processing module is present
[23888:24660:0102/055205.449:INFO:CONSOLE:1] "Data module segmenttop does not exist!!", source: https://1.elecsnet.ru/NotebookFront/dist/js/app/main.js?v=45 (1)
[23888:24660:0102/055205.449:INFO:CONSOLE:1] "Data module segmenttop does not exist!!", source: https://1.elecsnet.ru/NotebookFront/dist/js/app/main.js?v=45 (1)
[23888:24660:0102/055205.449:INFO:CONSOLE:1] "Data module segmenttop does not exist!!", source: https://1.elecsnet.ru/NotebookFront/dist/js/app/main.js?v=45 (1)
[23888:24660:0102/055205.449:INFO:CONSOLE:1] "Data module segmenttop does not exist!!", source: https://1.elecsnet.ru/NotebookFront/dist/js/app/main.js?v=45 (1)
[23888:24660:0102/055205.449:INFO:CONSOLE:1] "Data module segmenttop does not exist!!", source: https://1.elecsnet.ru/NotebookFront/dist/js/app/main.js?v=45 (1)
[23888:24660:0102/055205.449:INFO:CONSOLE:1] "Data module segmenttop does not exist!!", source: https://1.elecsnet.ru/NotebookFront/dist/js/app/main.js?v=45 (1)
[23888:24660:0102/055205.449:INFO:CONSOLE:1] "Data module segmenttop does not exist!!", source: https://1.elecsnet.ru/NotebookFront/dist/js/app/main.js?v=45 (1)
[23888:24660:0102/055205.449:INFO:CONSOLE:1] "Data module segmenttop does not exist!!", source: https://1.elecsnet.ru/NotebookFront/dist/js/app/main.js?v=45 (1)
[636:25012:0102/055208.826:INFO:third_party\blink\renderer\modules\peerconnection\peer_connection_dependency_factory.cc:923] Running WebRTC with a combined Network and Worker thread.
[23888:24660:0102/055209.044:INFO:CONSOLE:1] "CardNumberInput props [object Object]", source: https://1.elecsnet.ru/NotebookFront/dist/js/app/main.js?v=45 (1)
[23888:24660:0102/055209.052:INFO:CONSOLE:1] "Начало выполнения нефинансового запроса authRequest", source: https://1.elecsnet.ru/NotebookFront/dist/js/app/main.js?v=45 (1)
[23888:24660:0102/055209.052:INFO:CONSOLE:1] "Начало выполнения нефинансового запроса authRequest сумма [object Object]", source: https://1.elecsnet.ru/NotebookFront/dist/js/app/main.js?v=45 (1)
[23888:24660:0102/055209.113:INFO:CONSOLE:1] "PaymentTools  paymentToolGroups [object Object] paymentTool undefined", source: https://1.elecsnet.ru/NotebookFront/dist/js/app/main.js?v=45 (1)
[23888:24660:0102/055209.114:INFO:CONSOLE:1] "calcCommission isDirect вычислены данные isDirect= true", source: https://1.elecsnet.ru/NotebookFront/dist/js/app/main.js?v=45 (1)
[22712:19744:0102/055211.251:WARNING:net\extras\sqlite\sqlite_persistent_store_backend_base.cc:176] Failed to post task from FlushAndNotifyInBackground@net\extras\sqlite\sqlite_persistent_store_backend_base.cc:226 to client_task_runner_.
[22712:19744:0102/055211.251:WARNING:net\extras\sqlite\sqlite_persistent_store_backend_base.cc:176] Failed to post task from FlushAndNotifyInBackground@net\extras\sqlite\sqlite_persistent_store_backend_base.cc:226 to client_task_runner_.
